2019-03-25 16:55:01,550:[INFO] [main] [org.springframework.context.annotation.AnnotationConfigApplicationContext.prepareRefresh][588] - Refreshing org.springframework.context.annotation.AnnotationConfigApplicationContext@f9b7332: startup date [Mon Mar 25 16:55:01 CST 2019]; root of context hierarchy
2019-03-25 16:55:01,915:[INFO] [main] [org.springframework.beans.factory.annotation.AutowiredAnnotationBeanPostProcessor.<init>][153] - JSR-330 'javax.inject.Inject' annotation found and supported for autowiring
2019-03-25 16:55:01,974:[INFO] [main] [org.springframework.context.support.PostProcessorRegistrationDelegate$BeanPostProcessorChecker.postProcessAfterInitialization][326] - Bean 'configurationPropertiesRebinderAutoConfiguration' of type [org.springframework.cloud.autoconfigure.ConfigurationPropertiesRebinderAutoConfiguration$$EnhancerBySpringCGLIB$$6988fa4e] is not eligible for getting processed by all BeanPostProcessors (for example: not eligible for auto-proxying)
2019-03-25 16:55:03,274:[INFO] [main] [org.springframework.cloud.bootstrap.config.PropertySourceBootstrapConfiguration.initialize][98] - Located property source: CompositePropertySource {name='consul', propertySources=[ConsulPropertySource {name='config/gateway-service/'}, ConsulPropertySource {name='config/application/'}]}
2019-03-25 16:55:03,396:[INFO] [main] [com.wengzhoujun.gateway.GatewayApplication.logStartupProfileInfo][654] - No active profile set, falling back to default profiles: default
2019-03-25 16:55:03,422:[INFO] [main] [org.springframework.boot.web.reactive.context.AnnotationConfigReactiveWebServerApplicationContext.prepareRefresh][588] - Refreshing org.springframework.boot.web.reactive.context.AnnotationConfigReactiveWebServerApplicationContext@ebd06a9: startup date [Mon Mar 25 16:55:03 CST 2019]; parent: org.springframework.context.annotation.AnnotationConfigApplicationContext@f9b7332
2019-03-25 16:55:03,930:[INFO] [main] [org.springframework.beans.factory.support.DefaultListableBeanFactory.registerBeanDefinition][821] - Overriding bean definition for bean 'hiddenHttpMethodFilter' with a different definition: replacing [Root bean: class [null]; scope=; abstract=false; lazyInit=false; autowireMode=3; dependencyCheck=0; autowireCandidate=true; primary=false; factoryBeanName=org.springframework.boot.autoconfigure.web.reactive.WebFluxAutoConfiguration; factoryMethodName=hiddenHttpMethodFilter; initMethodName=null; destroyMethodName=(inferred); defined in class path resource [org/springframework/boot/autoconfigure/web/reactive/WebFluxAutoConfiguration.class]] with [Root bean: class [null]; scope=; abstract=false; lazyInit=false; autowireMode=3; dependencyCheck=0; autowireCandidate=true; primary=false; factoryBeanName=org.springframework.cloud.gateway.config.GatewayAutoConfiguration; factoryMethodName=hiddenHttpMethodFilter; initMethodName=null; destroyMethodName=(inferred); defined in class path resource [org/springframework/cloud/gateway/config/GatewayAutoConfiguration.class]]
2019-03-25 16:55:04,314:[INFO] [main] [org.springframework.cloud.context.scope.GenericScope.setSerializationId][294] - BeanFactory id=fbd9475d-9485-3812-b0cc-9b2cd17debc7
2019-03-25 16:55:04,343:[INFO] [main] [org.springframework.beans.factory.annotation.AutowiredAnnotationBeanPostProcessor.<init>][153] - JSR-330 'javax.inject.Inject' annotation found and supported for autowiring
2019-03-25 16:55:04,509:[INFO] [main] [org.springframework.context.support.PostProcessorRegistrationDelegate$BeanPostProcessorChecker.postProcessAfterInitialization][326] - Bean 'org.springframework.cloud.autoconfigure.ConfigurationPropertiesRebinderAutoConfiguration' of type [org.springframework.cloud.autoconfigure.ConfigurationPropertiesRebinderAutoConfiguration$$EnhancerBySpringCGLIB$$6988fa4e] is not eligible for getting processed by all BeanPostProcessors (for example: not eligible for auto-proxying)
2019-03-25 16:55:05,163:[WARN] [main] [com.netflix.config.sources.URLConfigurationSource.<init>][121] - No URLs will be polled as dynamic configuration sources.
2019-03-25 16:55:05,164:[INFO] [main] [com.netflix.config.sources.URLConfigurationSource.<init>][122] - To enable URLs as dynamic configuration sources, define System property archaius.configurationSource.additionalUrls or make config.properties available on classpath.
2019-03-25 16:55:05,172:[WARN] [main] [com.netflix.config.sources.URLConfigurationSource.<init>][121] - No URLs will be polled as dynamic configuration sources.
2019-03-25 16:55:05,172:[INFO] [main] [com.netflix.config.sources.URLConfigurationSource.<init>][122] - To enable URLs as dynamic configuration sources, define System property archaius.configurationSource.additionalUrls or make config.properties available on classpath.
2019-03-25 16:55:05,700:[INFO] [main] [org.springframework.web.reactive.result.method.annotation.RequestMappingHandlerMapping.register][468] - Mapped "{[/fallback]}" onto public java.lang.String com.wengzhoujun.gateway.hystrix.FallbackController.fallback()
2019-03-25 16:55:05,752:[INFO] [main] [org.springframework.web.reactive.handler.SimpleUrlHandlerMapping.registerHandler][211] - Mapped URL path [/webjars/**] onto handler of type [class org.springframework.web.reactive.resource.ResourceWebHandler]
2019-03-25 16:55:05,752:[INFO] [main] [org.springframework.web.reactive.handler.SimpleUrlHandlerMapping.registerHandler][211] - Mapped URL path [/**] onto handler of type [class org.springframework.web.reactive.resource.ResourceWebHandler]
2019-03-25 16:55:07,352:[INFO] [main] [org.springframework.cloud.gateway.route.RouteDefinitionRouteLocator.lambda$initFactories$1][102] - Loaded RoutePredicateFactory [After]
2019-03-25 16:55:07,353:[INFO] [main] [org.springframework.cloud.gateway.route.RouteDefinitionRouteLocator.lambda$initFactories$1][102] - Loaded RoutePredicateFactory [Before]
2019-03-25 16:55:07,353:[INFO] [main] [org.springframework.cloud.gateway.route.RouteDefinitionRouteLocator.lambda$initFactories$1][102] - Loaded RoutePredicateFactory [Between]
2019-03-25 16:55:07,353:[INFO] [main] [org.springframework.cloud.gateway.route.RouteDefinitionRouteLocator.lambda$initFactories$1][102] - Loaded RoutePredicateFactory [Cookie]
2019-03-25 16:55:07,353:[INFO] [main] [org.springframework.cloud.gateway.route.RouteDefinitionRouteLocator.lambda$initFactories$1][102] - Loaded RoutePredicateFactory [Header]
2019-03-25 16:55:07,354:[INFO] [main] [org.springframework.cloud.gateway.route.RouteDefinitionRouteLocator.lambda$initFactories$1][102] - Loaded RoutePredicateFactory [Host]
2019-03-25 16:55:07,354:[INFO] [main] [org.springframework.cloud.gateway.route.RouteDefinitionRouteLocator.lambda$initFactories$1][102] - Loaded RoutePredicateFactory [Method]
2019-03-25 16:55:07,354:[INFO] [main] [org.springframework.cloud.gateway.route.RouteDefinitionRouteLocator.lambda$initFactories$1][102] - Loaded RoutePredicateFactory [Path]
2019-03-25 16:55:07,354:[INFO] [main] [org.springframework.cloud.gateway.route.RouteDefinitionRouteLocator.lambda$initFactories$1][102] - Loaded RoutePredicateFactory [Query]
2019-03-25 16:55:07,355:[INFO] [main] [org.springframework.cloud.gateway.route.RouteDefinitionRouteLocator.lambda$initFactories$1][102] - Loaded RoutePredicateFactory [ReadBodyPredicateFactory]
2019-03-25 16:55:07,355:[INFO] [main] [org.springframework.cloud.gateway.route.RouteDefinitionRouteLocator.lambda$initFactories$1][102] - Loaded RoutePredicateFactory [RemoteAddr]
2019-03-25 16:55:07,355:[INFO] [main] [org.springframework.cloud.gateway.route.RouteDefinitionRouteLocator.lambda$initFactories$1][102] - Loaded RoutePredicateFactory [Weight]
2019-03-25 16:55:07,355:[INFO] [main] [org.springframework.cloud.gateway.route.RouteDefinitionRouteLocator.lambda$initFactories$1][102] - Loaded RoutePredicateFactory [CloudFoundryRouteService]
2019-03-25 16:55:07,459:[INFO] [main] [org.springframework.web.reactive.result.method.annotation.ControllerMethodResolver.initControllerAdviceCaches][221] - Looking for @ControllerAdvice: org.springframework.boot.web.reactive.context.AnnotationConfigReactiveWebServerApplicationContext@ebd06a9: startup date [Mon Mar 25 16:55:03 CST 2019]; parent: org.springframework.context.annotation.AnnotationConfigApplicationContext@f9b7332
2019-03-25 16:55:08,145:[INFO] [main] [org.springframework.scheduling.concurrent.ThreadPoolTaskScheduler.initialize][171] - Initializing ExecutorService 'catalogWatchTaskScheduler'
2019-03-25 16:55:08,359:[INFO] [main] [org.springframework.scheduling.concurrent.ThreadPoolTaskScheduler.initialize][171] - Initializing ExecutorService 'configWatchTaskScheduler'
2019-03-25 16:55:08,422:[INFO] [main] [org.springframework.jmx.export.annotation.AnnotationMBeanExporter.afterSingletonsInstantiated][433] - Registering beans for JMX exposure on startup
2019-03-25 16:55:08,442:[INFO] [main] [org.springframework.jmx.export.annotation.AnnotationMBeanExporter.autodetect][895] - Bean with name 'refreshScope' has been autodetected for JMX exposure
2019-03-25 16:55:08,444:[INFO] [main] [org.springframework.jmx.export.annotation.AnnotationMBeanExporter.autodetect][895] - Bean with name 'configurationPropertiesRebinder' has been autodetected for JMX exposure
2019-03-25 16:55:08,445:[INFO] [main] [org.springframework.jmx.export.annotation.AnnotationMBeanExporter.autodetect][895] - Bean with name 'environmentManager' has been autodetected for JMX exposure
2019-03-25 16:55:08,449:[INFO] [main] [org.springframework.jmx.export.annotation.AnnotationMBeanExporter.registerBeanInstance][675] - Located managed bean 'environmentManager': registering with JMX server as MBean [org.springframework.cloud.context.environment:name=environmentManager,type=EnvironmentManager]
2019-03-25 16:55:08,468:[INFO] [main] [org.springframework.jmx.export.annotation.AnnotationMBeanExporter.registerBeanInstance][675] - Located managed bean 'refreshScope': registering with JMX server as MBean [org.springframework.cloud.context.scope.refresh:name=refreshScope,type=RefreshScope]
2019-03-25 16:55:08,486:[INFO] [main] [org.springframework.jmx.export.annotation.AnnotationMBeanExporter.registerBeanInstance][675] - Located managed bean 'configurationPropertiesRebinder': registering with JMX server as MBean [org.springframework.cloud.context.properties:name=configurationPropertiesRebinder,context=ebd06a9,type=ConfigurationPropertiesRebinder]
2019-03-25 16:55:08,521:[INFO] [main] [org.springframework.context.support.DefaultLifecycleProcessor.start][356] - Starting beans in phase 0
2019-03-25 16:55:09,067:[INFO] [reactor-http-nio-1] [reactor.ipc.netty.tcp.BlockingNettyContext.info][238] - Started HttpServer on /0:0:0:0:0:0:0:0:9888
2019-03-25 16:55:09,068:[INFO] [main] [org.springframework.boot.web.embedded.netty.NettyWebServer.start][83] - Netty started on port(s): 9888
2019-03-25 16:55:09,084:[INFO] [main] [org.springframework.cloud.consul.serviceregistry.ConsulServiceRegistry.register][62] - Registering service with consul: NewService{id='tyr-PC-9888', name='gateway-service', tags=[secure=false], address='192.168.100.141', port=9888, enableTagOverride=null, check=Check{script='null', interval='15s', ttl='null', http='http://192.168.100.141:9888/actuator/health', tcp='null', timeout='null', deregisterCriticalServiceAfter='5m', tlsSkipVerify=null, status='null'}, checks=null}
2019-03-25 16:55:09,132:[INFO] [main] [com.wengzhoujun.gateway.GatewayApplication.logStarted][59] - Started GatewayApplication in 8.738 seconds (JVM running for 10.989)
2019-03-25 16:55:45,653:[INFO] [reactor-http-nio-2] [org.springframework.context.annotation.AnnotationConfigApplicationContext.prepareRefresh][588] - Refreshing SpringClientFactory-wechat-service: startup date [Mon Mar 25 16:55:45 CST 2019]; parent: org.springframework.boot.web.reactive.context.AnnotationConfigReactiveWebServerApplicationContext@ebd06a9
2019-03-25 16:55:45,745:[INFO] [reactor-http-nio-2] [org.springframework.beans.factory.annotation.AutowiredAnnotationBeanPostProcessor.<init>][153] - JSR-330 'javax.inject.Inject' annotation found and supported for autowiring
2019-03-25 16:55:46,048:[INFO] [reactor-http-nio-2] [com.netflix.config.ChainedDynamicProperty.checkAndFlip][115] - Flipping property: wechat-service.ribbon.ActiveConnectionsLimit to use NEXT property: niws.loadbalancer.availabilityFilteringRule.activeConnectionsLimit = 2147483647
2019-03-25 16:55:46,109:[INFO] [reactor-http-nio-2] [com.netflix.util.concurrent.ShutdownEnabledTimer.<init>][58] - Shutdown hook installed for: NFLoadBalancer-PingTimer-wechat-service
2019-03-25 16:55:46,349:[INFO] [reactor-http-nio-2] [com.netflix.loadbalancer.BaseLoadBalancer.initWithConfig][192] - Client: wechat-service instantiated a LoadBalancer: DynamicServerListLoadBalancer:{NFLoadBalancer:name=wechat-service,current list of Servers=[],Load balancer stats=Zone stats: {},Server stats: []}ServerList:null
2019-03-25 16:55:46,369:[INFO] [reactor-http-nio-2] [com.netflix.loadbalancer.DynamicServerListLoadBalancer.enableAndInitLearnNewServersFeature][222] - Using serverListUpdater PollingServerListUpdater
2019-03-25 16:55:46,481:[INFO] [reactor-http-nio-2] [com.netflix.config.ChainedDynamicProperty.checkAndFlip][115] - Flipping property: wechat-service.ribbon.ActiveConnectionsLimit to use NEXT property: niws.loadbalancer.availabilityFilteringRule.activeConnectionsLimit = 2147483647
2019-03-25 16:55:46,485:[INFO] [reactor-http-nio-2] [com.netflix.loadbalancer.DynamicServerListLoadBalancer.restOfInit][150] - DynamicServerListLoadBalancer for client wechat-service initialized: DynamicServerListLoadBalancer:{NFLoadBalancer:name=wechat-service,current list of Servers=[172.17.31.193:80],Load balancer stats=Zone stats: {unknown=[Zone:unknown;	Instance count:1;	Active connections count: 0;	Circuit breaker tripped count: 0;	Active connections per server: 0.0;]
},Server stats: [[Server:172.17.31.193:80;	Zone:UNKNOWN;	Total Requests:0;	Successive connection failure:0;	Total blackout seconds:0;	Last connection made:Thu Jan 01 08:00:00 CST 1970;	First connection made: Thu Jan 01 08:00:00 CST 1970;	Active Connections:0;	total failure count in last (1000) msecs:0;	average resp time:0.0;	90 percentile resp time:0.0;	95 percentile resp time:0.0;	min resp time:0.0;	max resp time:0.0;	stddev resp time:0.0]
]}ServerList:ConsulServerList{serviceId='wechat-service', tag=null}
2019-03-25 16:55:47,421:[INFO] [PollingServerListUpdater-0] [com.netflix.config.ChainedDynamicProperty.checkAndFlip][115] - Flipping property: wechat-service.ribbon.ActiveConnectionsLimit to use NEXT property: niws.loadbalancer.availabilityFilteringRule.activeConnectionsLimit = 2147483647
2019-03-25 16:56:07,749:[ERROR] [reactor-http-nio-1] [com.wengzhoujun.gateway.hystrix.FallbackController.fallback][21] - api-gateway触发熔断或重启中
2019-03-25 16:56:08,301:[WARN] [reactor-http-nio-2] [org.springframework.boot.autoconfigure.web.reactive.error.DefaultErrorWebExceptionHandler.log][215] - Failed to handle request [GET http://localhost:9888/favicon.ico]: Response status 404
